<?xml version="1.0" encoding="UTF-8"?>
<testng-results ignored="0" total="1" passed="1" failed="0" skipped="0">
  <reporter-output>
  </reporter-output>
  <suite started-at="2023-05-27T15:38:42 IST" name="Default suite" finished-at="2023-05-27T15:38:42 IST" duration-ms="84">
    <groups>
    </groups>
    <test started-at="2023-05-27T15:38:42 IST" name="Default test" finished-at="2023-05-27T15:38:42 IST" duration-ms="84">
      <class name="report.Log13">
        <test-method signature="test2()[pri:0, instance:report.Log13@702b8b12]" started-at="2023-05-27T15:38:42 IST" name="test2" finished-at="2023-05-27T15:38:42 IST" duration-ms="58" status="PASS">
          <reporter-output>
          </reporter-output>
        </test-method> <!-- test2 -->
      </class> <!-- report.Log13 -->
    </test> <!-- Default test -->
  </suite> <!-- Default suite -->
</testng-results>
